build/outputs/logs/manifest-merger-release-report.txt
-- Merging decision tree log ---
manifest
ADDED from src\main\AndroidManifest.xml:2:1-208:12
	package
		ADDED from src\main\AndroidManifest.xml:3:5-35
		INJECTED from src\main\AndroidManifest.xml
		INJECTED from src\main\AndroidManifest.xml
	android:versionName
		ADDED from src\main\AndroidManifest.xml:5:5-30
		INJECTED from src\main\AndroidManifest.xml
		INJECTED from src\main\AndroidManifest.xml
	android:versionCode
		ADDED from src\main\AndroidManifest.xml:4:5-28
		INJECTED from src\main\AndroidManifest.xml
		INJECTED from src\main\AndroidManifest.xml
	xmlns:android
		ADDED from src\main\AndroidManifest.xml:2:11-69
uses-sdk
ADDED from src\main\AndroidManifest.xml:7:5-9:41
MERGED from [com.android.support:design:23.1.1] AndroidManifest.xml:20:5-43
MERGED from [com.android.support:appcompat-v7:23.1.1] AndroidManifest.xml:20:5-43
MERGED from [com.android.support:cardview-v7:23.1.1] AndroidManifest.xml:20:5-43
MERGED from [com.github.ksoichiro:android-observablescrollview:1.6.0] AndroidManifest.xml:21:5-43
MERGED from [com.android.support:recyclerview-v7:23.1.1] AndroidManifest.xml:20:5-43
MERGED from [com.android.support:support-v4:23.1.1] AndroidManifest.xml:20:5-43
	android:targetSdkVersion
		ADDED from src\main\AndroidManifest.xml:9:9-38
		INJECTED from src\main\AndroidManifest.xml
		INJECTED from src\main\AndroidManifest.xml
	android:minSdkVersion
		ADDED from src\main\AndroidManifest.xml:8:9-34
		INJECTED from src\main\AndroidManifest.xml
		INJECTED from src\main\AndroidManifest.xml
uses-permission#android.permission.ACCESS_NETWORK_STATE
ADDED from src\main\AndroidManifest.xml:11:5-79
	android:name
		ADDED from src\main\AndroidManifest.xml:11:22-76
uses-permission#android.permission.ACCESS_COARSE_LOCATION
ADDED from src\main\AndroidManifest.xml:12:5-81
	android:name
		ADDED from src\main\AndroidManifest.xml:12:22-78
uses-permission#android.permission.ACCESS_FINE_LOCATION
ADDED from src\main\AndroidManifest.xml:13:5-79
	android:name
		ADDED from src\main\AndroidManifest.xml:13:22-76
uses-permission#android.permission.INTERNET
ADDED from src\main\AndroidManifest.xml:14:5-67
	android:name
		ADDED from src\main\AndroidManifest.xml:14:22-64
uses-permission#android.permission.WRITE_EXTERNAL_STORAGE
ADDED from src\main\AndroidManifest.xml:15:5-81
	android:name
		ADDED from src\main\AndroidManifest.xml:15:22-78
uses-permission#android.permission.WRITE_SYNC_SETTINGS
ADDED from src\main\AndroidManifest.xml:16:5-78
	android:name
		ADDED from src\main\AndroidManifest.xml:16:22-75
uses-permission#android.permission.WAKE_LOCK
ADDED from src\main\AndroidManifest.xml:17:5-68
	android:name
		ADDED from src\main\AndroidManifest.xml:17:22-65
uses-permission#android.permission.READ_PHONE_STATE
ADDED from src\main\AndroidManifest.xml:18:5-75
	android:name
		ADDED from src\main\AndroidManifest.xml:18:22-72
uses-permission#android.permission.READ_EXTERNAL_STORAGE
ADDED from src\main\AndroidManifest.xml:19:5-80
	android:name
		ADDED from src\main\AndroidManifest.xml:19:22-77
uses-permission#android.permission.CALL_PHONE
ADDED from src\main\AndroidManifest.xml:20:5-69
	android:name
		ADDED from src\main\AndroidManifest.xml:20:22-66
uses-permission#android.permission.CAMERA
ADDED from src\main\AndroidManifest.xml:23:5-65
	android:name
		ADDED from src\main\AndroidManifest.xml:23:22-62
uses-feature#android.hardware.camera
ADDED from src\main\AndroidManifest.xml:25:5-60
	android:name
		ADDED from src\main\AndroidManifest.xml:25:19-57
uses-feature#android.hardware.camera.autofocus
ADDED from src\main\AndroidManifest.xml:26:5-70
	android:name
		ADDED from src\main\AndroidManifest.xml:26:19-67
application
ADDED from src\main\AndroidManifest.xml:29:5-206:19
MERGED from [com.android.support:design:23.1.1] AndroidManifest.xml:22:5-20
MERGED from [com.android.support:appcompat-v7:23.1.1] AndroidManifest.xml:22:5-20
MERGED from [com.android.support:cardview-v7:23.1.1] AndroidManifest.xml:22:5-20
MERGED from [com.android.support:support-v4:23.1.1] AndroidManifest.xml:22:5-20
	android:label
		ADDED from src\main\AndroidManifest.xml:32:9-41
	android:allowBackup
		ADDED from src\main\AndroidManifest.xml:30:9-35
	android:icon
		ADDED from src\main\AndroidManifest.xml:31:9-51
	android:theme
		ADDED from src\main\AndroidManifest.xml:33:9-52
activity#com.cpm.PnGSupervisor.SplashScreenActivity
ADDED from src\main\AndroidManifest.xml:34:9-43:20
	android:screenOrientation
		ADDED from src\main\AndroidManifest.xml:37:13-49
	android:label
		ADDED from src\main\AndroidManifest.xml:36:13-45
	android:name
		ADDED from src\main\AndroidManifest.xml:35:13-70
intent-filter#android.intent.action.MAIN+android.intent.category.LAUNCHER
ADDED from src\main\AndroidManifest.xml:38:13-42:29
action#android.intent.action.MAIN
ADDED from src\main\AndroidManifest.xml:39:17-69
	android:name
		ADDED from src\main\AndroidManifest.xml:39:25-66
category#android.intent.category.LAUNCHER
ADDED from src\main\AndroidManifest.xml:41:17-77
	android:name
		ADDED from src\main\AndroidManifest.xml:41:27-74
activity#com.cpm.autoupdate.AutoupdateActivity
ADDED from src\main\AndroidManifest.xml:44:9-46:52
	android:screenOrientation
		ADDED from src\main\AndroidManifest.xml:46:13-49
	android:name
		ADDED from src\main\AndroidManifest.xml:45:13-65
activity#com.cpm.web.ShowUpdateActivity
ADDED from src\main\AndroidManifest.xml:47:9-49:52
	android:screenOrientation
		ADDED from src\main\AndroidManifest.xml:49:13-49
	android:name
		ADDED from src\main\AndroidManifest.xml:48:13-58
activity#com.cpm.PnGSupervisor.MainActivity
ADDED from src\main\AndroidManifest.xml:50:9-52:52
	android:screenOrientation
		ADDED from src\main\AndroidManifest.xml:52:13-49
	android:name
		ADDED from src\main\AndroidManifest.xml:51:13-62
activity#com.cpm.download.CompleteDownloadActivity
ADDED from src\main\AndroidManifest.xml:53:9-55:52
	android:screenOrientation
		ADDED from src\main\AndroidManifest.xml:55:13-49
	android:name
		ADDED from src\main\AndroidManifest.xml:54:13-69
activity#com.cpm.dailyentry.DailyEntryScreen
ADDED from src\main\AndroidManifest.xml:56:9-59:52
	android:screenOrientation
		ADDED from src\main\AndroidManifest.xml:59:13-49
	android:label
		ADDED from src\main\AndroidManifest.xml:58:13-39
	android:name
		ADDED from src\main\AndroidManifest.xml:57:13-63
activity#com.cpm.upload.UploadOptionActivity
ADDED from src\main\AndroidManifest.xml:60:9-62:52
	android:screenOrientation
		ADDED from src\main\AndroidManifest.xml:62:13-49
	android:name
		ADDED from src\main\AndroidManifest.xml:61:13-63
activity#com.cpm.upload.UploadDataActivity
ADDED from src\main\AndroidManifest.xml:63:9-65:52
	android:screenOrientation
		ADDED from src\main\AndroidManifest.xml:65:13-49
	android:name
		ADDED from src\main\AndroidManifest.xml:64:13-61
activity#com.cpm.upload.CheckoutNUpload
ADDED from src\main\AndroidManifest.xml:66:9-68:52
	android:screenOrientation
		ADDED from src\main\AndroidManifest.xml:68:13-49
	android:name
		ADDED from src\main\AndroidManifest.xml:67:13-58
activity#com.cpm.upload.UploadAllImageActivity
ADDED from src\main\AndroidManifest.xml:69:9-71:52
	android:screenOrientation
		ADDED from src\main\AndroidManifest.xml:71:13-49
	android:name
		ADDED from src\main\AndroidManifest.xml:70:13-65
activity#com.cpm.dailyentry.StoreEntry
ADDED from src\main\AndroidManifest.xml:72:9-75:52
	android:screenOrientation
		ADDED from src\main\AndroidManifest.xml:75:13-49
	android:label
		ADDED from src\main\AndroidManifest.xml:74:13-40
	android:name
		ADDED from src\main\AndroidManifest.xml:73:13-57
activity#com.cpm.dailyentry.StoreType
ADDED from src\main\AndroidManifest.xml:76:9-78:52
	android:screenOrientation
		ADDED from src\main\AndroidManifest.xml:78:13-49
	android:name
		ADDED from src\main\AndroidManifest.xml:77:13-56
activity#com.cpm.dailyentry.DeepFreezerActivity
ADDED from src\main\AndroidManifest.xml:79:9-82:55
	android:screenOrientation
		ADDED from src\main\AndroidManifest.xml:81:13-49
	android:windowSoftInputMode
		ADDED from src\main\AndroidManifest.xml:82:13-52
	android:name
		ADDED from src\main\AndroidManifest.xml:80:13-66
activity#com.cpm.dailyentry.MccainType
ADDED from src\main\AndroidManifest.xml:83:9-85:52
	android:screenOrientation
		ADDED from src\main\AndroidManifest.xml:85:13-49
	android:name
		ADDED from src\main\AndroidManifest.xml:84:13-57
activity#com.cpm.dailyentry.OpeningStock
ADDED from src\main\AndroidManifest.xml:86:9-91:55
	android:screenOrientation
		ADDED from src\main\AndroidManifest.xml:90:13-49
	android:label
		ADDED from src\main\AndroidManifest.xml:89:13-61
	android:windowSoftInputMode
		ADDED from src\main\AndroidManifest.xml:91:13-52
	android:configChanges
		ADDED from src\main\AndroidManifest.xml:88:13-74
	android:name
		ADDED from src\main\AndroidManifest.xml:87:13-59
activity#com.cpm.dailyentry.ClosingStock
ADDED from src\main\AndroidManifest.xml:92:9-97:55
	android:screenOrientation
		ADDED from src\main\AndroidManifest.xml:96:13-49
	android:label
		ADDED from src\main\AndroidManifest.xml:95:13-62
	android:windowSoftInputMode
		ADDED from src\main\AndroidManifest.xml:97:13-52
	android:configChanges
		ADDED from src\main\AndroidManifest.xml:94:13-74
	android:name
		ADDED from src\main\AndroidManifest.xml:93:13-59
activity#com.cpm.dailyentry.MidDayStock
ADDED from src\main\AndroidManifest.xml:98:9-103:55
	android:screenOrientation
		ADDED from src\main\AndroidManifest.xml:102:13-49
	android:label
		ADDED from src\main\AndroidManifest.xml:101:13-60
	android:windowSoftInputMode
		ADDED from src\main\AndroidManifest.xml:103:13-52
	android:configChanges
		ADDED from src\main\AndroidManifest.xml:100:13-74
	android:name
		ADDED from src\main\AndroidManifest.xml:99:13-58
activity#com.cpm.dailyentry.PromotionActivity
ADDED from src\main\AndroidManifest.xml:104:9-109:55
	android:screenOrientation
		ADDED from src\main\AndroidManifest.xml:108:13-49
	android:label
		ADDED from src\main\AndroidManifest.xml:107:13-38
	android:windowSoftInputMode
		ADDED from src\main\AndroidManifest.xml:109:13-52
	android:configChanges
		ADDED from src\main\AndroidManifest.xml:106:13-74
	android:name
		ADDED from src\main\AndroidManifest.xml:105:13-64
activity#com.cpm.dailyentry.AssetActivity
ADDED from src\main\AndroidManifest.xml:110:9-115:55
	android:screenOrientation
		ADDED from src\main\AndroidManifest.xml:114:13-49
	android:label
		ADDED from src\main\AndroidManifest.xml:113:13-34
	android:windowSoftInputMode
		ADDED from src\main\AndroidManifest.xml:115:13-52
	android:configChanges
		ADDED from src\main\AndroidManifest.xml:112:13-74
	android:name
		ADDED from src\main\AndroidManifest.xml:111:13-60
activity#com.cpm.dailyentry.NonWorkingReason
ADDED from src\main\AndroidManifest.xml:116:9-118:52
	android:screenOrientation
		ADDED from src\main\AndroidManifest.xml:118:13-49
	android:name
		ADDED from src\main\AndroidManifest.xml:117:13-63
activity#com.cpm.dailyentry.FoodStore
ADDED from src\main\AndroidManifest.xml:119:9-123:55
	android:screenOrientation
		ADDED from src\main\AndroidManifest.xml:122:13-49
	android:windowSoftInputMode
		ADDED from src\main\AndroidManifest.xml:123:13-52
	android:configChanges
		ADDED from src\main\AndroidManifest.xml:121:13-74
	android:name
		ADDED from src\main\AndroidManifest.xml:120:13-56
activity#com.cpm.dailyentry.FacingCompetitor
ADDED from src\main\AndroidManifest.xml:124:9-129:55
	android:screenOrientation
		ADDED from src\main\AndroidManifest.xml:128:13-49
	android:label
		ADDED from src\main\AndroidManifest.xml:127:13-46
	android:windowSoftInputMode
		ADDED from src\main\AndroidManifest.xml:129:13-52
	android:configChanges
		ADDED from src\main\AndroidManifest.xml:126:13-74
	android:name
		ADDED from src\main\AndroidManifest.xml:125:13-63
activity#com.cpm.dailyentry.UploadSelect
ADDED from src\main\AndroidManifest.xml:130:9-134:55
	android:screenOrientation
		ADDED from src\main\AndroidManifest.xml:133:13-49
	android:windowSoftInputMode
		ADDED from src\main\AndroidManifest.xml:134:13-52
	android:configChanges
		ADDED from src\main\AndroidManifest.xml:132:13-74
	android:name
		ADDED from src\main\AndroidManifest.xml:131:13-59
activity#com.cpm.dailyentry.CheckOutStoreActivity
ADDED from src\main\AndroidManifest.xml:135:9-139:55
	android:screenOrientation
		ADDED from src\main\AndroidManifest.xml:138:13-49
	android:windowSoftInputMode
		ADDED from src\main\AndroidManifest.xml:139:13-52
	android:configChanges
		ADDED from src\main\AndroidManifest.xml:137:13-74
	android:name
		ADDED from src\main\AndroidManifest.xml:136:13-68
activity#com.cpm.dailyentry.CallsActivity
ADDED from src\main\AndroidManifest.xml:140:9-145:55
	android:screenOrientation
		ADDED from src\main\AndroidManifest.xml:144:13-49
	android:label
		ADDED from src\main\AndroidManifest.xml:143:13-34
	android:windowSoftInputMode
		ADDED from src\main\AndroidManifest.xml:145:13-52
	android:configChanges
		ADDED from src\main\AndroidManifest.xml:142:13-74
	android:name
		ADDED from src\main\AndroidManifest.xml:141:13-60
activity#com.cpm.dailyentry.Performance
ADDED from src\main\AndroidManifest.xml:146:9-150:55
	android:screenOrientation
		ADDED from src\main\AndroidManifest.xml:149:13-49
	android:windowSoftInputMode
		ADDED from src\main\AndroidManifest.xml:150:13-52
	android:configChanges
		ADDED from src\main\AndroidManifest.xml:148:13-74
	android:name
		ADDED from src\main\AndroidManifest.xml:147:13-58
activity#com.cpm.PnGSupervisor.MenuActivity
ADDED from src\main\AndroidManifest.xml:151:9-155:59
	android:screenOrientation
		ADDED from src\main\AndroidManifest.xml:154:13-49
	android:label
		ADDED from src\main\AndroidManifest.xml:153:13-56
	android:theme
		ADDED from src\main\AndroidManifest.xml:155:13-56
	android:name
		ADDED from src\main\AndroidManifest.xml:152:13-62
activity#com.cpm.PnGSupervisor.MainMenuActivity
ADDED from src\main\AndroidManifest.xml:156:9-160:59
	android:screenOrientation
		ADDED from src\main\AndroidManifest.xml:159:13-49
	android:label
		ADDED from src\main\AndroidManifest.xml:158:13-38
	android:theme
		ADDED from src\main\AndroidManifest.xml:160:13-56
	android:name
		ADDED from src\main\AndroidManifest.xml:157:13-66
activity#com.cpm.PnGSupervisor.LoginActivity
ADDED from src\main\AndroidManifest.xml:161:9-165:59
	android:screenOrientation
		ADDED from src\main\AndroidManifest.xml:164:13-49
	android:label
		ADDED from src\main\AndroidManifest.xml:163:13-45
	android:theme
		ADDED from src\main\AndroidManifest.xml:165:13-56
	android:name
		ADDED from src\main\AndroidManifest.xml:162:13-63
activity#com.cpm.dailyentry.CompetionMenuActivity
ADDED from src\main\AndroidManifest.xml:166:9-170:59
	android:screenOrientation
		ADDED from src\main\AndroidManifest.xml:169:13-49
	android:label
		ADDED from src\main\AndroidManifest.xml:168:13-66
	android:theme
		ADDED from src\main\AndroidManifest.xml:170:13-56
	android:name
		ADDED from src\main\AndroidManifest.xml:167:13-68
activity#com.cpm.dailyentry.CompetitionFaceupActivity
ADDED from src\main\AndroidManifest.xml:171:9-176:59
	android:screenOrientation
		ADDED from src\main\AndroidManifest.xml:175:13-49
	android:label
		ADDED from src\main\AndroidManifest.xml:174:13-70
	android:configChanges
		ADDED from src\main\AndroidManifest.xml:173:13-74
	android:theme
		ADDED from src\main\AndroidManifest.xml:176:13-56
	android:name
		ADDED from src\main\AndroidManifest.xml:172:13-72
activity#com.cpm.dailyentry.CompetitionAditionalPOIActivity
ADDED from src\main\AndroidManifest.xml:177:9-183:55
	android:screenOrientation
		ADDED from src\main\AndroidManifest.xml:181:13-49
	android:label
		ADDED from src\main\AndroidManifest.xml:180:13-43
	android:windowSoftInputMode
		ADDED from src\main\AndroidManifest.xml:183:13-52
	android:configChanges
		ADDED from src\main\AndroidManifest.xml:179:13-74
	android:theme
		ADDED from src\main\AndroidManifest.xml:182:13-56
	android:name
		ADDED from src\main\AndroidManifest.xml:178:13-78
activity#com.cpm.dailyentry.CompetitionPromotionsActivity
ADDED from src\main\AndroidManifest.xml:184:9-190:55
	android:screenOrientation
		ADDED from src\main\AndroidManifest.xml:188:13-49
	android:label
		ADDED from src\main\AndroidManifest.xml:187:13-38
	android:windowSoftInputMode
		ADDED from src\main\AndroidManifest.xml:190:13-52
	android:configChanges
		ADDED from src\main\AndroidManifest.xml:186:13-74
	android:theme
		ADDED from src\main\AndroidManifest.xml:189:13-56
	android:name
		ADDED from src\main\AndroidManifest.xml:185:13-76
activity#com.cpm.dailyentry.AdditionalPOIActivity
ADDED from src\main\AndroidManifest.xml:191:9-197:55
	android:screenOrientation
		ADDED from src\main\AndroidManifest.xml:195:13-49
	android:label
		ADDED from src\main\AndroidManifest.xml:194:13-43
	android:windowSoftInputMode
		ADDED from src\main\AndroidManifest.xml:197:13-52
	android:configChanges
		ADDED from src\main\AndroidManifest.xml:193:13-74
	android:theme
		ADDED from src\main\AndroidManifest.xml:196:13-56
	android:name
		ADDED from src\main\AndroidManifest.xml:192:13-68
activity#com.cpm.dailyentry.AttendenceActivity
ADDED from src\main\AndroidManifest.xml:198:9-205:20
	android:screenOrientation
		ADDED from src\main\AndroidManifest.xml:202:13-49
	android:label
		ADDED from src\main\AndroidManifest.xml:201:13-62
	android:configChanges
		ADDED from src\main\AndroidManifest.xml:200:13-74
	android:theme
		ADDED from src\main\AndroidManifest.xml:203:13-56
	android:name
		ADDED from src\main\AndroidManifest.xml:199:13-65